<?xml version="1.0" encoding="UTF-8"?>
<coverage generated="1631963275273" clover="3.2.0">
  <project timestamp="1631963275274" name="All files">
    <metrics statements="54" coveredstatements="53" conditionals="36" coveredconditionals="26" methods="21" coveredmethods="19" elements="111" coveredelements="98" complexity="0" loc="54" ncloc="54" packages="4" files="5" classes="5"/>
    <package name="src">
      <metrics statements="0" coveredstatements="0" conditionals="0" coveredconditionals="0" methods="0" coveredmethods="0"/>
      <file name="index.ts" path="C:\Users\mikee\Documents\GitHub\ass-react-littera\src\index.ts">
        <metrics statements="0" coveredstatements="0" conditionals="0" coveredconditionals="0" methods="0" coveredmethods="0"/>
      </file>
    </package>
    <package name="src.core">
      <metrics statements="2" coveredstatements="2" conditionals="2" coveredconditionals="1" methods="1" coveredmethods="1"/>
      <file name="translate.ts" path="C:\Users\mikee\Documents\GitHub\ass-react-littera\src\core\translate.ts">
        <metrics statements="2" coveredstatements="2" conditionals="2" coveredconditionals="1" methods="1" coveredmethods="1"/>
        <line num="9" count="3" type="stmt"/>
        <line num="12" count="10" type="cond" truecount="1" falsecount="1"/>
      </file>
    </package>
    <package name="src.react">
      <metrics statements="29" coveredstatements="28" conditionals="13" coveredconditionals="7" methods="13" coveredmethods="11"/>
      <file name="hooks.ts" path="C:\Users\mikee\Documents\GitHub\ass-react-littera\src\react\hooks.ts">
        <metrics statements="24" coveredstatements="24" conditionals="7" coveredconditionals="6" methods="10" coveredmethods="10"/>
        <line num="37" count="1" type="stmt"/>
        <line num="40" count="2" type="stmt"/>
        <line num="42" count="2" type="stmt"/>
        <line num="43" count="5" type="stmt"/>
        <line num="45" count="5" type="stmt"/>
        <line num="46" count="5" type="stmt"/>
        <line num="50" count="5" type="stmt"/>
        <line num="61" count="1" type="stmt"/>
        <line num="65" count="5" type="stmt"/>
        <line num="66" count="5" type="cond" truecount="2" falsecount="0"/>
        <line num="68" count="5" type="stmt"/>
        <line num="69" count="5" type="cond" truecount="2" falsecount="0"/>
        <line num="72" count="5" type="stmt"/>
        <line num="73" count="5" type="stmt"/>
        <line num="92" count="1" type="stmt"/>
        <line num="93" count="6" type="stmt"/>
        <line num="95" count="6" type="stmt"/>
        <line num="97" count="2" type="stmt"/>
        <line num="99" count="1" type="stmt"/>
        <line num="104" count="6" type="stmt"/>
        <line num="108" count="2" type="cond" truecount="2" falsecount="1"/>
        <line num="110" count="2" type="stmt"/>
        <line num="113" count="6" type="stmt"/>
        <line num="114" count="6" type="stmt"/>
      </file>
      <file name="service.tsx" path="C:\Users\mikee\Documents\GitHub\ass-react-littera\src\react\service.tsx">
        <metrics statements="5" coveredstatements="4" conditionals="6" coveredconditionals="1" methods="3" coveredmethods="1"/>
        <line num="5" count="2" type="stmt"/>
        <line num="12" count="0" type="cond" truecount="0" falsecount="2"/>
        <line num="33" count="2" type="stmt"/>
        <line num="44" count="11" type="stmt"/>
        <line num="48" count="11" type="stmt"/>
      </file>
    </package>
    <package name="src.utils">
      <metrics statements="23" coveredstatements="23" conditionals="21" coveredconditionals="18" methods="7" coveredmethods="7"/>
      <file name="helpers.ts" path="C:\Users\mikee\Documents\GitHub\ass-react-littera\src\utils\helpers.ts">
        <metrics statements="23" coveredstatements="23" conditionals="21" coveredconditionals="18" methods="7" coveredmethods="7"/>
        <line num="9" count="2" type="stmt"/>
        <line num="10" count="5" type="cond" truecount="2" falsecount="0"/>
        <line num="11" count="2" type="stmt"/>
        <line num="15" count="3" type="stmt"/>
        <line num="23" count="2" type="stmt"/>
        <line num="26" count="2" type="cond" truecount="1" falsecount="1"/>
        <line num="28" count="2" type="stmt"/>
        <line num="29" count="2" type="stmt"/>
        <line num="30" count="6" type="stmt"/>
        <line num="31" count="17" type="cond" truecount="2" falsecount="0"/>
        <line num="34" count="6" type="stmt"/>
        <line num="36" count="18" type="cond" truecount="2" falsecount="0"/>
        <line num="37" count="1" type="stmt"/>
        <line num="49" count="117" type="cond" truecount="3" falsecount="0"/>
        <line num="58" count="40" type="cond" truecount="2" falsecount="0"/>
        <line num="59" count="20" type="stmt"/>
        <line num="61" count="20" type="cond" truecount="3" falsecount="1"/>
        <line num="62" count="20" type="stmt"/>
        <line num="63" count="77" type="cond" truecount="2" falsecount="0"/>
        <line num="64" count="15" type="cond" truecount="1" falsecount="1"/>
        <line num="65" count="15" type="stmt"/>
        <line num="67" count="62" type="stmt"/>
        <line num="72" count="20" type="stmt"/>
      </file>
    </package>
  </project>
</coverage>
