<?xml version="1.0" encoding="UTF-8"?>
<coverage generated="1631922272772" clover="3.2.0">
  <project timestamp="1631922272772" name="All files">
    <metrics statements="27" coveredstatements="27" conditionals="14" coveredconditionals="10" methods="12" coveredmethods="10" elements="53" coveredelements="47" complexity="0" loc="27" ncloc="27" packages="4" files="5" classes="5"/>
    <package name="src">
      <metrics statements="0" coveredstatements="0" conditionals="0" coveredconditionals="0" methods="0" coveredmethods="0"/>
      <file name="index.ts" path="C:\Users\rcich\react-littera\src\index.ts">
        <metrics statements="0" coveredstatements="0" conditionals="0" coveredconditionals="0" methods="0" coveredmethods="0"/>
      </file>
    </package>
    <package name="src.core">
      <metrics statements="2" coveredstatements="2" conditionals="2" coveredconditionals="2" methods="1" coveredmethods="1"/>
      <file name="translate.ts" path="C:\Users\rcich\react-littera\src\core\translate.ts">
        <metrics statements="2" coveredstatements="2" conditionals="2" coveredconditionals="2" methods="1" coveredmethods="1"/>
        <line num="9" count="2" type="stmt"/>
        <line num="12" count="9" type="cond" truecount="2" falsecount="0"/>
      </file>
    </package>
    <package name="src.react">
      <metrics statements="21" coveredstatements="21" conditionals="10" coveredconditionals="6" methods="10" coveredmethods="8"/>
      <file name="hooks.ts" path="C:\Users\rcich\react-littera\src\react\hooks.ts">
        <metrics statements="17" coveredstatements="17" conditionals="7" coveredconditionals="5" methods="7" coveredmethods="7"/>
        <line num="14" count="1" type="stmt"/>
        <line num="18" count="4" type="stmt"/>
        <line num="19" count="4" type="cond" truecount="2" falsecount="0"/>
        <line num="21" count="4" type="stmt"/>
        <line num="22" count="4" type="cond" truecount="1" falsecount="1"/>
        <line num="25" count="4" type="stmt"/>
        <line num="26" count="4" type="stmt"/>
        <line num="45" count="1" type="stmt"/>
        <line num="46" count="5" type="stmt"/>
        <line num="48" count="5" type="stmt"/>
        <line num="50" count="1" type="stmt"/>
        <line num="52" count="1" type="stmt"/>
        <line num="57" count="5" type="stmt"/>
        <line num="61" count="2" type="cond" truecount="2" falsecount="1"/>
        <line num="63" count="2" type="stmt"/>
        <line num="66" count="5" type="stmt"/>
        <line num="67" count="5" type="stmt"/>
      </file>
      <file name="service.tsx" path="C:\Users\rcich\react-littera\src\react\service.tsx">
        <metrics statements="4" coveredstatements="4" conditionals="3" coveredconditionals="1" methods="3" coveredmethods="1"/>
        <line num="4" count="2" type="stmt"/>
        <line num="28" count="2" type="stmt"/>
        <line num="37" count="9" type="stmt"/>
        <line num="41" count="9" type="stmt"/>
      </file>
    </package>
    <package name="src.utils">
      <metrics statements="4" coveredstatements="4" conditionals="2" coveredconditionals="2" methods="1" coveredmethods="1"/>
      <file name="helpers.ts" path="C:\Users\rcich\react-littera\src\utils\helpers.ts">
        <metrics statements="4" coveredstatements="4" conditionals="2" coveredconditionals="2" methods="1" coveredmethods="1"/>
        <line num="7" count="2" type="stmt"/>
        <line num="8" count="3" type="cond" truecount="2" falsecount="0"/>
        <line num="9" count="1" type="stmt"/>
        <line num="11" count="2" type="stmt"/>
      </file>
    </package>
  </project>
</coverage>
