{"C:\\Users\\rcich\\react-littera\\src\\index.ts": {"path":"C:\\Users\\rcich\\react-littera\\src\\index.ts","statementMap":{},"fnMap":{},"branchMap":{},"s":{},"f":{},"b":{},"_coverageSchema":"43e27e138ebf9cfc5966b082cf9a028302ed4184","hash":"2adfc544c564597507c80b5a1070ffb0ffddb412"}
,"C:\\Users\\rcich\\react-littera\\src\\core\\translate.ts": {"path":"C:\\Users\\rcich\\react-littera\\src\\core\\translate.ts","statementMap":{"0":{"start":{"line":9,"column":25},"end":{"line":12,"column":56}},"1":{"start":{"line":12,"column":30},"end":{"line":12,"column":56}}},"fnMap":{"0":{"name":"(anonymous_0)","decl":{"start":{"line":9,"column":25},"end":{"line":9,"column":26}},"loc":{"start":{"line":12,"column":30},"end":{"line":12,"column":56}},"line":12}},"branchMap":{"0":{"loc":{"start":{"line":12,"column":30},"end":{"line":12,"column":56}},"type":"binary-expr","locations":[{"start":{"line":12,"column":30},"end":{"line":12,"column":50}},{"start":{"line":12,"column":54},"end":{"line":12,"column":56}}],"line":12}},"s":{"0":2,"1":9},"f":{"0":9},"b":{"0":[9,1]},"_coverageSchema":"43e27e138ebf9cfc5966b082cf9a028302ed4184","hash":"ccd60e0316791b276b5361aac0fbd77e7ce28ea0"}
,"C:\\Users\\rcich\\react-littera\\src\\react\\hooks.ts": {"path":"C:\\Users\\rcich\\react-littera\\src\\react\\hooks.ts","statementMap":{"0":{"start":{"line":14,"column":26},"end":{"line":29,"column":1}},"1":{"start":{"line":18,"column":18},"end":{"line":18,"column":50}},"2":{"start":{"line":19,"column":24},"end":{"line":19,"column":48}},"3":{"start":{"line":21,"column":2},"end":{"line":23,"column":14}},"4":{"start":{"line":22,"column":4},"end":{"line":22,"column":59}},"5":{"start":{"line":22,"column":16},"end":{"line":22,"column":59}},"6":{"start":{"line":25,"column":2},"end":{"line":28,"column":3}},"7":{"start":{"line":26,"column":10},"end":{"line":26,"column":54}},"8":{"start":{"line":45,"column":33},"end":{"line":75,"column":1}},"9":{"start":{"line":46,"column":41},"end":{"line":46,"column":73}},"10":{"start":{"line":48,"column":29},"end":{"line":55,"column":3}},"11":{"start":{"line":50,"column":6},"end":{"line":50,"column":45}},"12":{"start":{"line":52,"column":6},"end":{"line":52,"column":27}},"13":{"start":{"line":57,"column":22},"end":{"line":64,"column":3}},"14":{"start":{"line":61,"column":26},"end":{"line":61,"column":51}},"15":{"start":{"line":63,"column":4},"end":{"line":63,"column":55}},"16":{"start":{"line":66,"column":2},"end":{"line":74,"column":3}},"17":{"start":{"line":67,"column":11},"end":{"line":72,"column":5}}},"fnMap":{"0":{"name":"(anonymous_0)","decl":{"start":{"line":14,"column":26},"end":{"line":14,"column":27}},"loc":{"start":{"line":17,"column":30},"end":{"line":29,"column":1}},"line":17},"1":{"name":"(anonymous_1)","decl":{"start":{"line":21,"column":18},"end":{"line":21,"column":19}},"loc":{"start":{"line":21,"column":24},"end":{"line":23,"column":3}},"line":21},"2":{"name":"(anonymous_2)","decl":{"start":{"line":26,"column":4},"end":{"line":26,"column":5}},"loc":{"start":{"line":26,"column":10},"end":{"line":26,"column":54}},"line":26},"3":{"name":"(anonymous_3)","decl":{"start":{"line":45,"column":33},"end":{"line":45,"column":34}},"loc":{"start":{"line":45,"column":39},"end":{"line":75,"column":1}},"line":45},"4":{"name":"(anonymous_4)","decl":{"start":{"line":49,"column":4},"end":{"line":49,"column":5}},"loc":{"start":{"line":49,"column":28},"end":{"line":53,"column":5}},"line":49},"5":{"name":"(anonymous_5)","decl":{"start":{"line":57,"column":22},"end":{"line":57,"column":23}},"loc":{"start":{"line":60,"column":7},"end":{"line":64,"column":3}},"line":60},"6":{"name":"(anonymous_6)","decl":{"start":{"line":67,"column":4},"end":{"line":67,"column":5}},"loc":{"start":{"line":67,"column":11},"end":{"line":72,"column":5}},"line":67}},"branchMap":{"0":{"loc":{"start":{"line":19,"column":24},"end":{"line":19,"column":48}},"type":"binary-expr","locations":[{"start":{"line":19,"column":24},"end":{"line":19,"column":30}},{"start":{"line":19,"column":34},"end":{"line":19,"column":48}}],"line":19},"1":{"loc":{"start":{"line":22,"column":4},"end":{"line":22,"column":59}},"type":"if","locations":[{"start":{"line":22,"column":4},"end":{"line":22,"column":59}},{"start":{"line":22,"column":4},"end":{"line":22,"column":59}}],"line":22},"2":{"loc":{"start":{"line":61,"column":26},"end":{"line":61,"column":51}},"type":"binary-expr","locations":[{"start":{"line":61,"column":26},"end":{"line":61,"column":27}},{"start":{"line":61,"column":31},"end":{"line":61,"column":37}},{"start":{"line":61,"column":41},"end":{"line":61,"column":51}}],"line":61}},"s":{"0":1,"1":4,"2":4,"3":4,"4":4,"5":0,"6":4,"7":4,"8":1,"9":5,"10":5,"11":1,"12":1,"13":5,"14":2,"15":2,"16":5,"17":5},"f":{"0":4,"1":4,"2":4,"3":5,"4":1,"5":2,"6":5},"b":{"0":[4,4],"1":[0,4],"2":[2,1,0]},"_coverageSchema":"43e27e138ebf9cfc5966b082cf9a028302ed4184","hash":"03880a72c933466f72e301113cc65c41a6485741"}
,"C:\\Users\\rcich\\react-littera\\src\\react\\service.tsx": {"path":"C:\\Users\\rcich\\react-littera\\src\\react\\service.tsx","statementMap":{"0":{"start":{"line":4,"column":30},"end":{"line":9,"column":2}},"1":{"start":{"line":28,"column":30},"end":{"line":48,"column":1}},"2":{"start":{"line":37,"column":30},"end":{"line":39,"column":3}},"3":{"start":{"line":41,"column":2},"end":{"line":47,"column":3}}},"fnMap":{"0":{"name":"(anonymous_0)","decl":{"start":{"line":7,"column":13},"end":{"line":7,"column":14}},"loc":{"start":{"line":7,"column":19},"end":{"line":7,"column":21}},"line":7},"1":{"name":"(anonymous_1)","decl":{"start":{"line":8,"column":13},"end":{"line":8,"column":14}},"loc":{"start":{"line":8,"column":19},"end":{"line":8,"column":21}},"line":8},"2":{"name":"(anonymous_2)","decl":{"start":{"line":28,"column":30},"end":{"line":28,"column":31}},"loc":{"start":{"line":36,"column":3},"end":{"line":48,"column":1}},"line":36}},"branchMap":{"0":{"loc":{"start":{"line":38,"column":4},"end":{"line":38,"column":42}},"type":"binary-expr","locations":[{"start":{"line":38,"column":4},"end":{"line":38,"column":17}},{"start":{"line":38,"column":21},"end":{"line":38,"column":31}},{"start":{"line":38,"column":35},"end":{"line":38,"column":42}}],"line":38}},"s":{"0":2,"1":2,"2":9,"3":9},"f":{"0":0,"1":0,"2":9},"b":{"0":[9,0,0]},"_coverageSchema":"43e27e138ebf9cfc5966b082cf9a028302ed4184","hash":"67cb64861203fb379beed9d497f0fdf784021b1c"}
,"C:\\Users\\rcich\\react-littera\\src\\utils\\helpers.ts": {"path":"C:\\Users\\rcich\\react-littera\\src\\utils\\helpers.ts","statementMap":{"0":{"start":{"line":7,"column":34},"end":{"line":12,"column":1}},"1":{"start":{"line":8,"column":2},"end":{"line":9,"column":96}},"2":{"start":{"line":9,"column":4},"end":{"line":9,"column":96}},"3":{"start":{"line":11,"column":2},"end":{"line":11,"column":14}}},"fnMap":{"0":{"name":"(anonymous_0)","decl":{"start":{"line":7,"column":34},"end":{"line":7,"column":35}},"loc":{"start":{"line":7,"column":73},"end":{"line":12,"column":1}},"line":7}},"branchMap":{"0":{"loc":{"start":{"line":8,"column":2},"end":{"line":9,"column":96}},"type":"if","locations":[{"start":{"line":8,"column":2},"end":{"line":9,"column":96}},{"start":{"line":8,"column":2},"end":{"line":9,"column":96}}],"line":8}},"s":{"0":2,"1":3,"2":1,"3":2},"f":{"0":3},"b":{"0":[1,2]},"_coverageSchema":"43e27e138ebf9cfc5966b082cf9a028302ed4184","hash":"55c3ce2f3e48c61896e3a5e5e8b3b8853bc9a2da"}
}
