{"C:\\Users\\mikee\\Documents\\GitHub\\ass-react-littera\\src\\index.ts": {"path":"C:\\Users\\mikee\\Documents\\GitHub\\ass-react-littera\\src\\index.ts","statementMap":{},"fnMap":{},"branchMap":{},"s":{},"f":{},"b":{},"_coverageSchema":"43e27e138ebf9cfc5966b082cf9a028302ed4184","hash":"55e0b36741011c12c9c159311e9d898b4b6d20ee"}
,"C:\\Users\\mikee\\Documents\\GitHub\\ass-react-littera\\src\\core\\translate.ts": {"path":"C:\\Users\\mikee\\Documents\\GitHub\\ass-react-littera\\src\\core\\translate.ts","statementMap":{"0":{"start":{"line":9,"column":25},"end":{"line":12,"column":56}},"1":{"start":{"line":12,"column":30},"end":{"line":12,"column":56}}},"fnMap":{"0":{"name":"(anonymous_0)","decl":{"start":{"line":9,"column":25},"end":{"line":9,"column":26}},"loc":{"start":{"line":12,"column":30},"end":{"line":12,"column":56}},"line":12}},"branchMap":{"0":{"loc":{"start":{"line":12,"column":30},"end":{"line":12,"column":56}},"type":"binary-expr","locations":[{"start":{"line":12,"column":30},"end":{"line":12,"column":50}},{"start":{"line":12,"column":54},"end":{"line":12,"column":56}}],"line":12}},"s":{"0":3,"1":10},"f":{"0":10},"b":{"0":[10,0]},"_coverageSchema":"43e27e138ebf9cfc5966b082cf9a028302ed4184","hash":"77a442d735607956f8147552c3570055d86410e6"}
,"C:\\Users\\mikee\\Documents\\GitHub\\ass-react-littera\\src\\react\\hooks.ts": {"path":"C:\\Users\\mikee\\Documents\\GitHub\\ass-react-littera\\src\\react\\hooks.ts","statementMap":{"0":{"start":{"line":37,"column":32},"end":{"line":52,"column":1}},"1":{"start":{"line":40,"column":2},"end":{"line":40,"column":39}},"2":{"start":{"line":42,"column":2},"end":{"line":51,"column":3}},"3":{"start":{"line":43,"column":20},"end":{"line":43,"column":52}},"4":{"start":{"line":45,"column":35},"end":{"line":48,"column":31}},"5":{"start":{"line":46,"column":12},"end":{"line":46,"column":51}},"6":{"start":{"line":50,"column":4},"end":{"line":50,"column":59}},"7":{"start":{"line":61,"column":26},"end":{"line":76,"column":1}},"8":{"start":{"line":65,"column":18},"end":{"line":65,"column":50}},"9":{"start":{"line":66,"column":24},"end":{"line":66,"column":48}},"10":{"start":{"line":68,"column":2},"end":{"line":70,"column":14}},"11":{"start":{"line":69,"column":4},"end":{"line":69,"column":59}},"12":{"start":{"line":69,"column":16},"end":{"line":69,"column":59}},"13":{"start":{"line":72,"column":2},"end":{"line":75,"column":3}},"14":{"start":{"line":73,"column":10},"end":{"line":73,"column":54}},"15":{"start":{"line":92,"column":33},"end":{"line":122,"column":1}},"16":{"start":{"line":93,"column":41},"end":{"line":93,"column":73}},"17":{"start":{"line":95,"column":29},"end":{"line":102,"column":3}},"18":{"start":{"line":97,"column":6},"end":{"line":97,"column":45}},"19":{"start":{"line":99,"column":6},"end":{"line":99,"column":27}},"20":{"start":{"line":104,"column":22},"end":{"line":111,"column":3}},"21":{"start":{"line":108,"column":26},"end":{"line":108,"column":64}},"22":{"start":{"line":110,"column":4},"end":{"line":110,"column":55}},"23":{"start":{"line":113,"column":2},"end":{"line":121,"column":3}},"24":{"start":{"line":114,"column":11},"end":{"line":119,"column":5}}},"fnMap":{"0":{"name":"(anonymous_0)","decl":{"start":{"line":37,"column":32},"end":{"line":37,"column":33}},"loc":{"start":{"line":39,"column":53},"end":{"line":52,"column":1}},"line":39},"1":{"name":"(anonymous_1)","decl":{"start":{"line":42,"column":9},"end":{"line":42,"column":10}},"loc":{"start":{"line":42,"column":30},"end":{"line":51,"column":3}},"line":42},"2":{"name":"(anonymous_2)","decl":{"start":{"line":46,"column":6},"end":{"line":46,"column":7}},"loc":{"start":{"line":46,"column":12},"end":{"line":46,"column":51}},"line":46},"3":{"name":"(anonymous_3)","decl":{"start":{"line":61,"column":26},"end":{"line":61,"column":27}},"loc":{"start":{"line":64,"column":30},"end":{"line":76,"column":1}},"line":64},"4":{"name":"(anonymous_4)","decl":{"start":{"line":68,"column":18},"end":{"line":68,"column":19}},"loc":{"start":{"line":68,"column":24},"end":{"line":70,"column":3}},"line":68},"5":{"name":"(anonymous_5)","decl":{"start":{"line":73,"column":4},"end":{"line":73,"column":5}},"loc":{"start":{"line":73,"column":10},"end":{"line":73,"column":54}},"line":73},"6":{"name":"(anonymous_6)","decl":{"start":{"line":92,"column":33},"end":{"line":92,"column":34}},"loc":{"start":{"line":92,"column":39},"end":{"line":122,"column":1}},"line":92},"7":{"name":"(anonymous_7)","decl":{"start":{"line":96,"column":4},"end":{"line":96,"column":5}},"loc":{"start":{"line":96,"column":28},"end":{"line":100,"column":5}},"line":96},"8":{"name":"(anonymous_8)","decl":{"start":{"line":104,"column":22},"end":{"line":104,"column":23}},"loc":{"start":{"line":107,"column":7},"end":{"line":111,"column":3}},"line":107},"9":{"name":"(anonymous_9)","decl":{"start":{"line":114,"column":4},"end":{"line":114,"column":5}},"loc":{"start":{"line":114,"column":11},"end":{"line":119,"column":5}},"line":114}},"branchMap":{"0":{"loc":{"start":{"line":66,"column":24},"end":{"line":66,"column":48}},"type":"binary-expr","locations":[{"start":{"line":66,"column":24},"end":{"line":66,"column":30}},{"start":{"line":66,"column":34},"end":{"line":66,"column":48}}],"line":66},"1":{"loc":{"start":{"line":69,"column":4},"end":{"line":69,"column":59}},"type":"if","locations":[{"start":{"line":69,"column":4},"end":{"line":69,"column":59}},{"start":{"line":69,"column":4},"end":{"line":69,"column":59}}],"line":69},"2":{"loc":{"start":{"line":108,"column":26},"end":{"line":108,"column":64}},"type":"binary-expr","locations":[{"start":{"line":108,"column":26},"end":{"line":108,"column":40}},{"start":{"line":108,"column":44},"end":{"line":108,"column":50}},{"start":{"line":108,"column":54},"end":{"line":108,"column":64}}],"line":108}},"s":{"0":1,"1":2,"2":2,"3":5,"4":5,"5":5,"6":5,"7":1,"8":5,"9":5,"10":5,"11":5,"12":1,"13":5,"14":5,"15":1,"16":6,"17":6,"18":2,"19":1,"20":6,"21":2,"22":2,"23":6,"24":6},"f":{"0":2,"1":5,"2":5,"3":5,"4":5,"5":5,"6":6,"7":2,"8":2,"9":6},"b":{"0":[5,4],"1":[1,4],"2":[2,1,0]},"_coverageSchema":"43e27e138ebf9cfc5966b082cf9a028302ed4184","hash":"dc2633470cbff4cc3cf574cba9c7d4948b87f83f"}
,"C:\\Users\\mikee\\Documents\\GitHub\\ass-react-littera\\src\\react\\service.tsx": {"path":"C:\\Users\\mikee\\Documents\\GitHub\\ass-react-littera\\src\\react\\service.tsx","statementMap":{"0":{"start":{"line":5,"column":30},"end":{"line":14,"column":2}},"1":{"start":{"line":12,"column":7},"end":{"line":12,"column":55}},"2":{"start":{"line":33,"column":30},"end":{"line":55,"column":1}},"3":{"start":{"line":44,"column":30},"end":{"line":46,"column":3}},"4":{"start":{"line":48,"column":2},"end":{"line":54,"column":3}}},"fnMap":{"0":{"name":"(anonymous_0)","decl":{"start":{"line":8,"column":13},"end":{"line":8,"column":14}},"loc":{"start":{"line":8,"column":19},"end":{"line":8,"column":21}},"line":8},"1":{"name":"(anonymous_1)","decl":{"start":{"line":9,"column":13},"end":{"line":9,"column":14}},"loc":{"start":{"line":12,"column":7},"end":{"line":12,"column":55}},"line":12},"2":{"name":"(anonymous_2)","decl":{"start":{"line":33,"column":30},"end":{"line":33,"column":31}},"loc":{"start":{"line":43,"column":3},"end":{"line":55,"column":1}},"line":43}},"branchMap":{"0":{"loc":{"start":{"line":12,"column":37},"end":{"line":12,"column":54}},"type":"binary-expr","locations":[{"start":{"line":12,"column":37},"end":{"line":12,"column":43}},{"start":{"line":12,"column":47},"end":{"line":12,"column":54}}],"line":12},"1":{"loc":{"start":{"line":37,"column":2},"end":{"line":37,"column":13}},"type":"default-arg","locations":[{"start":{"line":37,"column":11},"end":{"line":37,"column":13}}],"line":37},"2":{"loc":{"start":{"line":45,"column":4},"end":{"line":45,"column":42}},"type":"binary-expr","locations":[{"start":{"line":45,"column":4},"end":{"line":45,"column":17}},{"start":{"line":45,"column":21},"end":{"line":45,"column":31}},{"start":{"line":45,"column":35},"end":{"line":45,"column":42}}],"line":45}},"s":{"0":2,"1":0,"2":2,"3":11,"4":11},"f":{"0":0,"1":0,"2":11},"b":{"0":[0,0],"1":[0],"2":[11,0,0]},"_coverageSchema":"43e27e138ebf9cfc5966b082cf9a028302ed4184","hash":"6e7bab102c495e8db1dc868259577fde26f60634"}
,"C:\\Users\\mikee\\Documents\\GitHub\\ass-react-littera\\src\\utils\\helpers.ts": {"path":"C:\\Users\\mikee\\Documents\\GitHub\\ass-react-littera\\src\\utils\\helpers.ts","statementMap":{"0":{"start":{"line":9,"column":34},"end":{"line":16,"column":1}},"1":{"start":{"line":10,"column":2},"end":{"line":13,"column":5}},"2":{"start":{"line":11,"column":4},"end":{"line":13,"column":5}},"3":{"start":{"line":15,"column":2},"end":{"line":15,"column":13}},"4":{"start":{"line":23,"column":39},"end":{"line":41,"column":1}},"5":{"start":{"line":26,"column":2},"end":{"line":26,"column":51}},"6":{"start":{"line":26,"column":45},"end":{"line":26,"column":51}},"7":{"start":{"line":28,"column":25},"end":{"line":28,"column":27}},"8":{"start":{"line":29,"column":2},"end":{"line":40,"column":4}},"9":{"start":{"line":30,"column":4},"end":{"line":32,"column":6}},"10":{"start":{"line":31,"column":6},"end":{"line":31,"column":45}},"11":{"start":{"line":31,"column":31},"end":{"line":31,"column":45}},"12":{"start":{"line":34,"column":4},"end":{"line":39,"column":6}},"13":{"start":{"line":36,"column":6},"end":{"line":38,"column":7}},"14":{"start":{"line":37,"column":8},"end":{"line":37,"column":65}},"15":{"start":{"line":49,"column":2},"end":{"line":49,"column":65}},"16":{"start":{"line":58,"column":2},"end":{"line":58,"column":36}},"17":{"start":{"line":58,"column":23},"end":{"line":58,"column":36}},"18":{"start":{"line":59,"column":17},"end":{"line":59,"column":32}},"19":{"start":{"line":61,"column":2},"end":{"line":70,"column":3}},"20":{"start":{"line":62,"column":4},"end":{"line":69,"column":5}},"21":{"start":{"line":63,"column":6},"end":{"line":68,"column":7}},"22":{"start":{"line":64,"column":8},"end":{"line":64,"column":62}},"23":{"start":{"line":64,"column":26},"end":{"line":64,"column":62}},"24":{"start":{"line":65,"column":8},"end":{"line":65,"column":43}},"25":{"start":{"line":67,"column":8},"end":{"line":67,"column":53}},"26":{"start":{"line":72,"column":2},"end":{"line":72,"column":38}}},"fnMap":{"0":{"name":"(anonymous_0)","decl":{"start":{"line":9,"column":34},"end":{"line":9,"column":35}},"loc":{"start":{"line":9,"column":73},"end":{"line":16,"column":1}},"line":9},"1":{"name":"(anonymous_1)","decl":{"start":{"line":23,"column":39},"end":{"line":23,"column":40}},"loc":{"start":{"line":25,"column":5},"end":{"line":41,"column":1}},"line":25},"2":{"name":"(anonymous_2)","decl":{"start":{"line":29,"column":36},"end":{"line":29,"column":37}},"loc":{"start":{"line":29,"column":48},"end":{"line":40,"column":3}},"line":29},"3":{"name":"(anonymous_3)","decl":{"start":{"line":30,"column":46},"end":{"line":30,"column":47}},"loc":{"start":{"line":30,"column":55},"end":{"line":32,"column":5}},"line":30},"4":{"name":"(anonymous_4)","decl":{"start":{"line":34,"column":17},"end":{"line":34,"column":18}},"loc":{"start":{"line":34,"column":26},"end":{"line":39,"column":5}},"line":34},"5":{"name":"isObject","decl":{"start":{"line":48,"column":16},"end":{"line":48,"column":24}},"loc":{"start":{"line":48,"column":36},"end":{"line":50,"column":1}},"line":48},"6":{"name":"deepMerge","decl":{"start":{"line":57,"column":16},"end":{"line":57,"column":25}},"loc":{"start":{"line":57,"column":63},"end":{"line":73,"column":1}},"line":57}},"branchMap":{"0":{"loc":{"start":{"line":10,"column":2},"end":{"line":13,"column":5}},"type":"if","locations":[{"start":{"line":10,"column":2},"end":{"line":13,"column":5}},{"start":{"line":10,"column":2},"end":{"line":13,"column":5}}],"line":10},"1":{"loc":{"start":{"line":26,"column":2},"end":{"line":26,"column":51}},"type":"if","locations":[{"start":{"line":26,"column":2},"end":{"line":26,"column":51}},{"start":{"line":26,"column":2},"end":{"line":26,"column":51}}],"line":26},"2":{"loc":{"start":{"line":31,"column":6},"end":{"line":31,"column":45}},"type":"if","locations":[{"start":{"line":31,"column":6},"end":{"line":31,"column":45}},{"start":{"line":31,"column":6},"end":{"line":31,"column":45}}],"line":31},"3":{"loc":{"start":{"line":36,"column":6},"end":{"line":38,"column":7}},"type":"if","locations":[{"start":{"line":36,"column":6},"end":{"line":38,"column":7}},{"start":{"line":36,"column":6},"end":{"line":38,"column":7}}],"line":36},"4":{"loc":{"start":{"line":49,"column":9},"end":{"line":49,"column":65}},"type":"binary-expr","locations":[{"start":{"line":49,"column":9},"end":{"line":49,"column":13}},{"start":{"line":49,"column":17},"end":{"line":49,"column":41}},{"start":{"line":49,"column":45},"end":{"line":49,"column":65}}],"line":49},"5":{"loc":{"start":{"line":58,"column":2},"end":{"line":58,"column":36}},"type":"if","locations":[{"start":{"line":58,"column":2},"end":{"line":58,"column":36}},{"start":{"line":58,"column":2},"end":{"line":58,"column":36}}],"line":58},"6":{"loc":{"start":{"line":61,"column":2},"end":{"line":70,"column":3}},"type":"if","locations":[{"start":{"line":61,"column":2},"end":{"line":70,"column":3}},{"start":{"line":61,"column":2},"end":{"line":70,"column":3}}],"line":61},"7":{"loc":{"start":{"line":61,"column":6},"end":{"line":61,"column":42}},"type":"binary-expr","locations":[{"start":{"line":61,"column":6},"end":{"line":61,"column":22}},{"start":{"line":61,"column":26},"end":{"line":61,"column":42}}],"line":61},"8":{"loc":{"start":{"line":63,"column":6},"end":{"line":68,"column":7}},"type":"if","locations":[{"start":{"line":63,"column":6},"end":{"line":68,"column":7}},{"start":{"line":63,"column":6},"end":{"line":68,"column":7}}],"line":63},"9":{"loc":{"start":{"line":64,"column":8},"end":{"line":64,"column":62}},"type":"if","locations":[{"start":{"line":64,"column":8},"end":{"line":64,"column":62}},{"start":{"line":64,"column":8},"end":{"line":64,"column":62}}],"line":64}},"s":{"0":2,"1":5,"2":2,"3":3,"4":2,"5":2,"6":0,"7":2,"8":2,"9":6,"10":17,"11":6,"12":6,"13":18,"14":1,"15":117,"16":40,"17":20,"18":20,"19":20,"20":20,"21":77,"22":15,"23":0,"24":15,"25":62,"26":20},"f":{"0":5,"1":2,"2":6,"3":17,"4":18,"5":117,"6":40},"b":{"0":[2,3],"1":[0,2],"2":[6,11],"3":[1,17],"4":[117,117,79],"5":[20,20],"6":[20,0],"7":[20,20],"8":[15,62],"9":[0,15]},"_coverageSchema":"43e27e138ebf9cfc5966b082cf9a028302ed4184","hash":"22aeba6184c18f3dbf570ec1de49809c10598def"}
}
