TN:
SF:C:\Users\rcich\react-littera\src\index.ts
FNF:0
FNH:0
LF:0
LH:0
BRF:0
BRH:0
end_of_record
TN:
SF:C:\Users\rcich\react-littera\src\core\translate.ts
FN:9,(anonymous_0)
FNF:1
FNH:1
FNDA:9,(anonymous_0)
DA:9,2
DA:12,9
LF:2
LH:2
BRDA:12,0,0,9
BRDA:12,0,1,1
BRF:2
BRH:2
end_of_record
TN:
SF:C:\Users\rcich\react-littera\src\react\hooks.ts
FN:14,(anonymous_0)
FN:21,(anonymous_1)
FN:26,(anonymous_2)
FN:45,(anonymous_3)
FN:49,(anonymous_4)
FN:57,(anonymous_5)
FN:67,(anonymous_6)
FNF:7
FNH:7
FNDA:4,(anonymous_0)
FNDA:4,(anonymous_1)
FNDA:4,(anonymous_2)
FNDA:5,(anonymous_3)
FNDA:1,(anonymous_4)
FNDA:2,(anonymous_5)
FNDA:5,(anonymous_6)
DA:14,1
DA:18,4
DA:19,4
DA:21,4
DA:22,4
DA:25,4
DA:26,4
DA:45,1
DA:46,5
DA:48,5
DA:50,1
DA:52,1
DA:57,5
DA:61,2
DA:63,2
DA:66,5
DA:67,5
LF:17
LH:17
BRDA:19,0,0,4
BRDA:19,0,1,4
BRDA:22,1,0,0
BRDA:22,1,1,4
BRDA:61,2,0,2
BRDA:61,2,1,1
BRDA:61,2,2,0
BRF:7
BRH:5
end_of_record
TN:
SF:C:\Users\rcich\react-littera\src\react\service.tsx
FN:7,(anonymous_0)
FN:8,(anonymous_1)
FN:28,(anonymous_2)
FNF:3
FNH:1
FNDA:0,(anonymous_0)
FNDA:0,(anonymous_1)
FNDA:9,(anonymous_2)
DA:4,2
DA:28,2
DA:37,9
DA:41,9
LF:4
LH:4
BRDA:38,0,0,9
BRDA:38,0,1,0
BRDA:38,0,2,0
BRF:3
BRH:1
end_of_record
TN:
SF:C:\Users\rcich\react-littera\src\utils\helpers.ts
FN:7,(anonymous_0)
FNF:1
FNH:1
FNDA:3,(anonymous_0)
DA:7,2
DA:8,3
DA:9,1
DA:11,2
LF:4
LH:4
BRDA:8,0,0,1
BRDA:8,0,1,2
BRF:2
BRH:2
end_of_record
