TN:
SF:C:\Users\mikee\Documents\GitHub\ass-react-littera\src\index.ts
FNF:0
FNH:0
LF:0
LH:0
BRF:0
BRH:0
end_of_record
TN:
SF:C:\Users\mikee\Documents\GitHub\ass-react-littera\src\core\translate.ts
FN:9,(anonymous_0)
FNF:1
FNH:1
FNDA:10,(anonymous_0)
DA:9,3
DA:12,10
LF:2
LH:2
BRDA:12,0,0,10
BRDA:12,0,1,0
BRF:2
BRH:1
end_of_record
TN:
SF:C:\Users\mikee\Documents\GitHub\ass-react-littera\src\react\hooks.ts
FN:37,(anonymous_0)
FN:42,(anonymous_1)
FN:46,(anonymous_2)
FN:61,(anonymous_3)
FN:68,(anonymous_4)
FN:73,(anonymous_5)
FN:92,(anonymous_6)
FN:96,(anonymous_7)
FN:104,(anonymous_8)
FN:114,(anonymous_9)
FNF:10
FNH:10
FNDA:2,(anonymous_0)
FNDA:5,(anonymous_1)
FNDA:5,(anonymous_2)
FNDA:5,(anonymous_3)
FNDA:5,(anonymous_4)
FNDA:5,(anonymous_5)
FNDA:6,(anonymous_6)
FNDA:2,(anonymous_7)
FNDA:2,(anonymous_8)
FNDA:6,(anonymous_9)
DA:37,1
DA:40,2
DA:42,2
DA:43,5
DA:45,5
DA:46,5
DA:50,5
DA:61,1
DA:65,5
DA:66,5
DA:68,5
DA:69,5
DA:72,5
DA:73,5
DA:92,1
DA:93,6
DA:95,6
DA:97,2
DA:99,1
DA:104,6
DA:108,2
DA:110,2
DA:113,6
DA:114,6
LF:24
LH:24
BRDA:66,0,0,5
BRDA:66,0,1,4
BRDA:69,1,0,1
BRDA:69,1,1,4
BRDA:108,2,0,2
BRDA:108,2,1,1
BRDA:108,2,2,0
BRF:7
BRH:6
end_of_record
TN:
SF:C:\Users\mikee\Documents\GitHub\ass-react-littera\src\react\service.tsx
FN:8,(anonymous_0)
FN:9,(anonymous_1)
FN:33,(anonymous_2)
FNF:3
FNH:1
FNDA:0,(anonymous_0)
FNDA:0,(anonymous_1)
FNDA:11,(anonymous_2)
DA:5,2
DA:12,0
DA:33,2
DA:44,11
DA:48,11
LF:5
LH:4
BRDA:12,0,0,0
BRDA:12,0,1,0
BRDA:37,1,0,0
BRDA:45,2,0,11
BRDA:45,2,1,0
BRDA:45,2,2,0
BRF:6
BRH:1
end_of_record
TN:
SF:C:\Users\mikee\Documents\GitHub\ass-react-littera\src\utils\helpers.ts
FN:9,(anonymous_0)
FN:23,(anonymous_1)
FN:29,(anonymous_2)
FN:30,(anonymous_3)
FN:34,(anonymous_4)
FN:48,isObject
FN:57,deepMerge
FNF:7
FNH:7
FNDA:5,(anonymous_0)
FNDA:2,(anonymous_1)
FNDA:6,(anonymous_2)
FNDA:17,(anonymous_3)
FNDA:18,(anonymous_4)
FNDA:117,isObject
FNDA:40,deepMerge
DA:9,2
DA:10,5
DA:11,2
DA:15,3
DA:23,2
DA:26,2
DA:28,2
DA:29,2
DA:30,6
DA:31,17
DA:34,6
DA:36,18
DA:37,1
DA:49,117
DA:58,40
DA:59,20
DA:61,20
DA:62,20
DA:63,77
DA:64,15
DA:65,15
DA:67,62
DA:72,20
LF:23
LH:23
BRDA:10,0,0,2
BRDA:10,0,1,3
BRDA:26,1,0,0
BRDA:26,1,1,2
BRDA:31,2,0,6
BRDA:31,2,1,11
BRDA:36,3,0,1
BRDA:36,3,1,17
BRDA:49,4,0,117
BRDA:49,4,1,117
BRDA:49,4,2,79
BRDA:58,5,0,20
BRDA:58,5,1,20
BRDA:61,6,0,20
BRDA:61,6,1,0
BRDA:61,7,0,20
BRDA:61,7,1,20
BRDA:63,8,0,15
BRDA:63,8,1,62
BRDA:64,9,0,0
BRDA:64,9,1,15
BRF:21
BRH:18
end_of_record
